2017-09-19 16:55:11,429 [Worker-0] INFO  c.g.t.t.d.PublishedGradleVersions - Gradle version information cache is up-to-date. Trying to read.
2017-09-19 17:08:22,470 [Worker-1] INFO  c.g.t.t.d.PublishedGradleVersions - Gradle version information cache is up-to-date. Trying to read.
2017-09-19 17:08:52,255 [Worker-4] INFO  o.e.m.c.i.l.LifecycleMappingFactory - Using org.eclipse.m2e.jdt.JarLifecycleMapping lifecycle mapping for MavenProject: server:server:0.0.1-SNAPSHOT @ C:\Users\nicla\Dat255\DAT255\server\server\pom.xml.
2017-09-19 17:08:52,942 [Worker-10] WARN  o.e.m.c.i.embedder.EclipseLogger - Using platform encoding (Cp1252 actually) to copy filtered resources, i.e. build is platform dependent!
2017-09-19 17:08:52,950 [Worker-10] INFO  o.e.m.c.i.embedder.EclipseLogger - skip non existing resourceDirectory C:\Users\nicla\Dat255\DAT255\server\server\src\main\resources
2017-09-19 17:08:53,030 [Worker-10] WARN  o.e.m.c.i.embedder.EclipseLogger - Using platform encoding (Cp1252 actually) to copy filtered resources, i.e. build is platform dependent!
2017-09-19 17:08:53,034 [Worker-10] INFO  o.e.m.c.i.embedder.EclipseLogger - skip non existing resourceDirectory C:\Users\nicla\Dat255\DAT255\server\server\src\test\resources
2017-09-19 17:08:53,240 [Worker-4] INFO  o.e.m.j.i.AbstractJavaProjectConfigurator - Adding source folder /server/src
2017-09-19 17:08:53,243 [Worker-4] INFO  o.e.m.j.i.AbstractJavaProjectConfigurator - Not adding source folder /server/src/test/java because it overlaps with /server/src
2017-09-19 17:08:53,444 [Worker-4] INFO  o.e.m.c.i.p.ProjectConfigurationManager - Update started
2017-09-19 17:08:53,866 [Worker-4] INFO  o.e.m.c.i.l.LifecycleMappingFactory - Using org.eclipse.m2e.jdt.JarLifecycleMapping lifecycle mapping for MavenProject: server:server:0.0.1-SNAPSHOT @ C:\Users\nicla\Dat255\DAT255\server\server\pom.xml.
2017-09-19 17:08:54,312 [Worker-4] INFO  o.e.m.j.i.AbstractJavaProjectConfigurator - Adding source folder /server/src
2017-09-19 17:08:54,314 [Worker-4] INFO  o.e.m.j.i.AbstractJavaProjectConfigurator - Not adding source folder /server/src/test/java because it overlaps with /server/src
2017-09-19 17:08:54,402 [Worker-4] INFO  o.e.m.c.i.p.ProjectConfigurationManager - Update completed: 0 sec
2017-09-19 17:08:54,610 [Worker-4] WARN  o.e.m.c.i.embedder.EclipseLogger - Using platform encoding (Cp1252 actually) to copy filtered resources, i.e. build is platform dependent!
2017-09-19 17:08:54,626 [Worker-4] INFO  o.e.m.c.i.embedder.EclipseLogger - skip non existing resourceDirectory C:\Users\nicla\Dat255\DAT255\server\server\src\main\resources
2017-09-19 17:08:54,629 [Worker-4] WARN  o.e.m.c.i.embedder.EclipseLogger - Using platform encoding (Cp1252 actually) to copy filtered resources, i.e. build is platform dependent!
2017-09-19 17:08:54,641 [Worker-4] INFO  o.e.m.c.i.embedder.EclipseLogger - skip non existing resourceDirectory C:\Users\nicla\Dat255\DAT255\server\server\src\test\resources
2017-09-19 17:16:38,190 [Worker-25] WARN  o.e.m.c.i.embedder.EclipseLogger - Using platform encoding (UTF-8 actually) to copy filtered resources, i.e. build is platform dependent!
2017-09-19 17:16:38,192 [Worker-25] INFO  o.e.m.c.i.embedder.EclipseLogger - skip non existing resourceDirectory /Users/hannajacobsson/git/DAT255/server/server/src/main/resources
2017-09-19 17:16:38,195 [Worker-25] WARN  o.e.m.c.i.embedder.EclipseLogger - Using platform encoding (UTF-8 actually) to copy filtered resources, i.e. build is platform dependent!
2017-09-19 17:16:38,195 [Worker-25] INFO  o.e.m.c.i.embedder.EclipseLogger - skip non existing resourceDirectory /Users/hannajacobsson/git/DAT255/server/server/src/test/resources
2017-09-19 17:18:45,683 [Worker-1] INFO  c.g.t.t.d.PublishedGradleVersions - Gradle version information cache is up-to-date. Trying to read.
2017-09-19 17:18:47,961 [Worker-1] WARN  o.e.m.c.i.embedder.EclipseLogger - Using platform encoding (UTF-8 actually) to copy filtered resources, i.e. build is platform dependent!
2017-09-19 17:18:47,977 [Worker-1] INFO  o.e.m.c.i.embedder.EclipseLogger - skip non existing resourceDirectory /Users/hannajacobsson/git/DAT255/server/server/src/main/resources
2017-09-19 17:18:47,981 [Worker-1] WARN  o.e.m.c.i.embedder.EclipseLogger - Using platform encoding (UTF-8 actually) to copy filtered resources, i.e. build is platform dependent!
2017-09-19 17:18:47,982 [Worker-1] INFO  o.e.m.c.i.embedder.EclipseLogger - skip non existing resourceDirectory /Users/hannajacobsson/git/DAT255/server/server/src/test/resources
2017-09-19 17:24:35,437 [Worker-72] WARN  o.e.m.c.i.embedder.EclipseLogger - Using platform encoding (UTF-8 actually) to copy filtered resources, i.e. build is platform dependent!
2017-09-19 17:24:35,442 [Worker-72] INFO  o.e.m.c.i.embedder.EclipseLogger - skip non existing resourceDirectory /Users/hannajacobsson/git/DAT255/server/server/src/main/resources
2017-09-19 17:24:35,444 [Worker-72] WARN  o.e.m.c.i.embedder.EclipseLogger - Using platform encoding (UTF-8 actually) to copy filtered resources, i.e. build is platform dependent!
2017-09-19 17:24:35,444 [Worker-72] INFO  o.e.m.c.i.embedder.EclipseLogger - skip non existing resourceDirectory /Users/hannajacobsson/git/DAT255/server/server/src/test/resources
2017-09-19 17:36:58,918 [Worker-276] WARN  o.e.m.c.i.embedder.EclipseLogger - Using platform encoding (UTF-8 actually) to copy filtered resources, i.e. build is platform dependent!
2017-09-19 17:36:58,921 [Worker-276] INFO  o.e.m.c.i.embedder.EclipseLogger - skip non existing resourceDirectory /Users/hannajacobsson/git/DAT255/server/server/src/main/resources
2017-09-19 17:36:58,923 [Worker-276] WARN  o.e.m.c.i.embedder.EclipseLogger - Using platform encoding (UTF-8 actually) to copy filtered resources, i.e. build is platform dependent!
2017-09-19 17:36:58,924 [Worker-276] INFO  o.e.m.c.i.embedder.EclipseLogger - skip non existing resourceDirectory /Users/hannajacobsson/git/DAT255/server/server/src/test/resources
2017-09-19 17:38:18,787 [Worker-276] WARN  o.e.m.c.i.embedder.EclipseLogger - Using platform encoding (UTF-8 actually) to copy filtered resources, i.e. build is platform dependent!
2017-09-19 17:38:18,788 [Worker-276] INFO  o.e.m.c.i.embedder.EclipseLogger - skip non existing resourceDirectory /Users/hannajacobsson/git/DAT255/server/server/src/main/resources
2017-09-19 17:38:18,790 [Worker-276] WARN  o.e.m.c.i.embedder.EclipseLogger - Using platform encoding (UTF-8 actually) to copy filtered resources, i.e. build is platform dependent!
2017-09-19 17:38:18,790 [Worker-276] INFO  o.e.m.c.i.embedder.EclipseLogger - skip non existing resourceDirectory /Users/hannajacobsson/git/DAT255/server/server/src/test/resources
2017-09-19 17:38:50,646 [Worker-55] WARN  o.e.m.c.i.embedder.EclipseLogger - Using platform encoding (UTF-8 actually) to copy filtered resources, i.e. build is platform dependent!
2017-09-19 17:38:50,647 [Worker-55] INFO  o.e.m.c.i.embedder.EclipseLogger - skip non existing resourceDirectory /Users/hannajacobsson/git/DAT255/server/server/src/main/resources
2017-09-19 17:38:50,648 [Worker-55] WARN  o.e.m.c.i.embedder.EclipseLogger - Using platform encoding (UTF-8 actually) to copy filtered resources, i.e. build is platform dependent!
2017-09-19 17:38:50,649 [Worker-55] INFO  o.e.m.c.i.embedder.EclipseLogger - skip non existing resourceDirectory /Users/hannajacobsson/git/DAT255/server/server/src/test/resources
2017-09-19 17:38:59,537 [Worker-8] WARN  o.e.m.c.i.embedder.EclipseLogger - Using platform encoding (UTF-8 actually) to copy filtered resources, i.e. build is platform dependent!
2017-09-19 17:38:59,538 [Worker-8] INFO  o.e.m.c.i.embedder.EclipseLogger - skip non existing resourceDirectory /Users/hannajacobsson/git/DAT255/server/server/src/main/resources
2017-09-19 17:38:59,540 [Worker-8] WARN  o.e.m.c.i.embedder.EclipseLogger - Using platform encoding (UTF-8 actually) to copy filtered resources, i.e. build is platform dependent!
2017-09-19 17:38:59,541 [Worker-8] INFO  o.e.m.c.i.embedder.EclipseLogger - skip non existing resourceDirectory /Users/hannajacobsson/git/DAT255/server/server/src/test/resources
2017-09-19 17:39:55,351 [Worker-8] WARN  o.e.m.c.i.embedder.EclipseLogger - Using platform encoding (UTF-8 actually) to copy filtered resources, i.e. build is platform dependent!
2017-09-19 17:39:55,351 [Worker-8] INFO  o.e.m.c.i.embedder.EclipseLogger - skip non existing resourceDirectory /Users/hannajacobsson/git/DAT255/server/server/src/main/resources
2017-09-19 17:39:55,353 [Worker-8] WARN  o.e.m.c.i.embedder.EclipseLogger - Using platform encoding (UTF-8 actually) to copy filtered resources, i.e. build is platform dependent!
2017-09-19 17:39:55,353 [Worker-8] INFO  o.e.m.c.i.embedder.EclipseLogger - skip non existing resourceDirectory /Users/hannajacobsson/git/DAT255/server/server/src/test/resources
2017-09-19 17:41:40,630 [Worker-276] WARN  o.e.m.c.i.embedder.EclipseLogger - Using platform encoding (UTF-8 actually) to copy filtered resources, i.e. build is platform dependent!
2017-09-19 17:41:40,631 [Worker-276] INFO  o.e.m.c.i.embedder.EclipseLogger - skip non existing resourceDirectory /Users/hannajacobsson/git/DAT255/server/server/src/main/resources
2017-09-19 17:41:40,635 [Worker-276] WARN  o.e.m.c.i.embedder.EclipseLogger - Using platform encoding (UTF-8 actually) to copy filtered resources, i.e. build is platform dependent!
2017-09-19 17:41:40,637 [Worker-276] INFO  o.e.m.c.i.embedder.EclipseLogger - skip non existing resourceDirectory /Users/hannajacobsson/git/DAT255/server/server/src/test/resources
2017-09-19 17:44:26,928 [Worker-56] WARN  o.e.m.c.i.embedder.EclipseLogger - Using platform encoding (UTF-8 actually) to copy filtered resources, i.e. build is platform dependent!
2017-09-19 17:44:26,929 [Worker-56] INFO  o.e.m.c.i.embedder.EclipseLogger - skip non existing resourceDirectory /Users/hannajacobsson/git/DAT255/server/server/src/main/resources
2017-09-19 17:44:26,930 [Worker-56] WARN  o.e.m.c.i.embedder.EclipseLogger - Using platform encoding (UTF-8 actually) to copy filtered resources, i.e. build is platform dependent!
2017-09-19 17:44:26,931 [Worker-56] INFO  o.e.m.c.i.embedder.EclipseLogger - skip non existing resourceDirectory /Users/hannajacobsson/git/DAT255/server/server/src/test/resources
2017-09-19 17:44:27,944 [Worker-72] WARN  o.e.m.c.i.embedder.EclipseLogger - Using platform encoding (UTF-8 actually) to copy filtered resources, i.e. build is platform dependent!
2017-09-19 17:44:27,945 [Worker-72] INFO  o.e.m.c.i.embedder.EclipseLogger - skip non existing resourceDirectory /Users/hannajacobsson/git/DAT255/server/server/src/main/resources
2017-09-19 17:44:27,946 [Worker-72] WARN  o.e.m.c.i.embedder.EclipseLogger - Using platform encoding (UTF-8 actually) to copy filtered resources, i.e. build is platform dependent!
2017-09-19 17:44:27,947 [Worker-72] INFO  o.e.m.c.i.embedder.EclipseLogger - skip non existing resourceDirectory /Users/hannajacobsson/git/DAT255/server/server/src/test/resources
2017-09-19 17:49:13,842 [Worker-278] WARN  o.e.m.c.i.embedder.EclipseLogger - Using platform encoding (UTF-8 actually) to copy filtered resources, i.e. build is platform dependent!
2017-09-19 17:49:13,843 [Worker-278] INFO  o.e.m.c.i.embedder.EclipseLogger - skip non existing resourceDirectory /Users/hannajacobsson/git/DAT255/server/server/src/main/resources
2017-09-19 17:49:13,845 [Worker-278] WARN  o.e.m.c.i.embedder.EclipseLogger - Using platform encoding (UTF-8 actually) to copy filtered resources, i.e. build is platform dependent!
2017-09-19 17:49:13,845 [Worker-278] INFO  o.e.m.c.i.embedder.EclipseLogger - skip non existing resourceDirectory /Users/hannajacobsson/git/DAT255/server/server/src/test/resources
2017-09-19 17:49:53,595 [Worker-276] WARN  o.e.m.c.i.embedder.EclipseLogger - Using platform encoding (UTF-8 actually) to copy filtered resources, i.e. build is platform dependent!
2017-09-19 17:49:53,595 [Worker-276] INFO  o.e.m.c.i.embedder.EclipseLogger - skip non existing resourceDirectory /Users/hannajacobsson/git/DAT255/server/server/src/main/resources
2017-09-19 17:49:53,598 [Worker-276] WARN  o.e.m.c.i.embedder.EclipseLogger - Using platform encoding (UTF-8 actually) to copy filtered resources, i.e. build is platform dependent!
2017-09-19 17:49:53,599 [Worker-276] INFO  o.e.m.c.i.embedder.EclipseLogger - skip non existing resourceDirectory /Users/hannajacobsson/git/DAT255/server/server/src/test/resources
2017-09-19 17:54:48,252 [Worker-282] WARN  o.e.m.c.i.embedder.EclipseLogger - Using platform encoding (UTF-8 actually) to copy filtered resources, i.e. build is platform dependent!
2017-09-19 17:54:48,253 [Worker-282] INFO  o.e.m.c.i.embedder.EclipseLogger - skip non existing resourceDirectory /Users/hannajacobsson/git/DAT255/server/server/src/main/resources
2017-09-19 17:54:48,254 [Worker-282] WARN  o.e.m.c.i.embedder.EclipseLogger - Using platform encoding (UTF-8 actually) to copy filtered resources, i.e. build is platform dependent!
2017-09-19 17:54:48,255 [Worker-282] INFO  o.e.m.c.i.embedder.EclipseLogger - skip non existing resourceDirectory /Users/hannajacobsson/git/DAT255/server/server/src/test/resources
2017-09-19 17:55:41,159 [Worker-279] WARN  o.e.m.c.i.embedder.EclipseLogger - Using platform encoding (UTF-8 actually) to copy filtered resources, i.e. build is platform dependent!
2017-09-19 17:55:41,160 [Worker-279] INFO  o.e.m.c.i.embedder.EclipseLogger - skip non existing resourceDirectory /Users/hannajacobsson/git/DAT255/server/server/src/main/resources
2017-09-19 17:55:41,161 [Worker-279] WARN  o.e.m.c.i.embedder.EclipseLogger - Using platform encoding (UTF-8 actually) to copy filtered resources, i.e. build is platform dependent!
2017-09-19 17:55:41,162 [Worker-279] INFO  o.e.m.c.i.embedder.EclipseLogger - skip non existing resourceDirectory /Users/hannajacobsson/git/DAT255/server/server/src/test/resources
2017-09-19 17:56:52,586 [Worker-281] WARN  o.e.m.c.i.embedder.EclipseLogger - Using platform encoding (UTF-8 actually) to copy filtered resources, i.e. build is platform dependent!
2017-09-19 17:56:52,588 [Worker-281] INFO  o.e.m.c.i.embedder.EclipseLogger - skip non existing resourceDirectory /Users/hannajacobsson/git/DAT255/server/server/src/main/resources
2017-09-19 17:56:52,592 [Worker-281] WARN  o.e.m.c.i.embedder.EclipseLogger - Using platform encoding (UTF-8 actually) to copy filtered resources, i.e. build is platform dependent!
2017-09-19 17:56:52,592 [Worker-281] INFO  o.e.m.c.i.embedder.EclipseLogger - skip non existing resourceDirectory /Users/hannajacobsson/git/DAT255/server/server/src/test/resources
2017-09-20 10:27:40,967 [Worker-2] INFO  c.g.t.t.d.PublishedGradleVersions - Gradle version information cache is up-to-date. Trying to read.
2017-09-20 10:42:16,807 [Worker-19] WARN  o.e.m.c.i.embedder.EclipseLogger - Using platform encoding (UTF-8 actually) to copy filtered resources, i.e. build is platform dependent!
2017-09-20 10:42:16,821 [Worker-19] INFO  o.e.m.c.i.embedder.EclipseLogger - skip non existing resourceDirectory /Users/hannajacobsson/git/DAT255/server/server/src/main/resources
2017-09-20 10:42:16,824 [Worker-19] WARN  o.e.m.c.i.embedder.EclipseLogger - Using platform encoding (UTF-8 actually) to copy filtered resources, i.e. build is platform dependent!
2017-09-20 10:42:16,824 [Worker-19] INFO  o.e.m.c.i.embedder.EclipseLogger - skip non existing resourceDirectory /Users/hannajacobsson/git/DAT255/server/server/src/test/resources
2017-09-20 10:42:35,572 [Worker-14] WARN  o.e.m.c.i.embedder.EclipseLogger - Using platform encoding (UTF-8 actually) to copy filtered resources, i.e. build is platform dependent!
2017-09-20 10:42:35,580 [Worker-14] INFO  o.e.m.c.i.embedder.EclipseLogger - skip non existing resourceDirectory /Users/hannajacobsson/git/DAT255/server/server/src/main/resources
2017-09-20 10:42:35,583 [Worker-14] WARN  o.e.m.c.i.embedder.EclipseLogger - Using platform encoding (UTF-8 actually) to copy filtered resources, i.e. build is platform dependent!
2017-09-20 10:42:35,584 [Worker-14] INFO  o.e.m.c.i.embedder.EclipseLogger - skip non existing resourceDirectory /Users/hannajacobsson/git/DAT255/server/server/src/test/resources
2017-09-20 10:42:48,351 [Worker-14] WARN  o.e.m.c.i.embedder.EclipseLogger - Using platform encoding (UTF-8 actually) to copy filtered resources, i.e. build is platform dependent!
2017-09-20 10:42:48,353 [Worker-14] INFO  o.e.m.c.i.embedder.EclipseLogger - skip non existing resourceDirectory /Users/hannajacobsson/git/DAT255/server/server/src/main/resources
2017-09-20 10:42:48,356 [Worker-14] WARN  o.e.m.c.i.embedder.EclipseLogger - Using platform encoding (UTF-8 actually) to copy filtered resources, i.e. build is platform dependent!
2017-09-20 10:42:48,356 [Worker-14] INFO  o.e.m.c.i.embedder.EclipseLogger - skip non existing resourceDirectory /Users/hannajacobsson/git/DAT255/server/server/src/test/resources
2017-09-20 10:43:03,201 [Worker-17] WARN  o.e.m.c.i.embedder.EclipseLogger - Using platform encoding (UTF-8 actually) to copy filtered resources, i.e. build is platform dependent!
2017-09-20 10:43:03,203 [Worker-17] INFO  o.e.m.c.i.embedder.EclipseLogger - skip non existing resourceDirectory /Users/hannajacobsson/git/DAT255/server/server/src/main/resources
2017-09-20 10:43:03,204 [Worker-17] WARN  o.e.m.c.i.embedder.EclipseLogger - Using platform encoding (UTF-8 actually) to copy filtered resources, i.e. build is platform dependent!
2017-09-20 10:43:03,205 [Worker-17] INFO  o.e.m.c.i.embedder.EclipseLogger - skip non existing resourceDirectory /Users/hannajacobsson/git/DAT255/server/server/src/test/resources
2017-09-20 10:43:20,520 [Worker-9] WARN  o.e.m.c.i.embedder.EclipseLogger - Using platform encoding (UTF-8 actually) to copy filtered resources, i.e. build is platform dependent!
2017-09-20 10:43:20,521 [Worker-9] INFO  o.e.m.c.i.embedder.EclipseLogger - skip non existing resourceDirectory /Users/hannajacobsson/git/DAT255/server/server/src/main/resources
2017-09-20 10:43:20,523 [Worker-9] WARN  o.e.m.c.i.embedder.EclipseLogger - Using platform encoding (UTF-8 actually) to copy filtered resources, i.e. build is platform dependent!
2017-09-20 10:43:20,524 [Worker-9] INFO  o.e.m.c.i.embedder.EclipseLogger - skip non existing resourceDirectory /Users/hannajacobsson/git/DAT255/server/server/src/test/resources
2017-09-20 10:49:48,814 [Worker-19] WARN  o.e.m.c.i.embedder.EclipseLogger - Using platform encoding (UTF-8 actually) to copy filtered resources, i.e. build is platform dependent!
2017-09-20 10:49:48,815 [Worker-19] INFO  o.e.m.c.i.embedder.EclipseLogger - skip non existing resourceDirectory /Users/hannajacobsson/git/DAT255/server/server/src/main/resources
2017-09-20 10:49:48,817 [Worker-19] WARN  o.e.m.c.i.embedder.EclipseLogger - Using platform encoding (UTF-8 actually) to copy filtered resources, i.e. build is platform dependent!
2017-09-20 10:49:48,817 [Worker-19] INFO  o.e.m.c.i.embedder.EclipseLogger - skip non existing resourceDirectory /Users/hannajacobsson/git/DAT255/server/server/src/test/resources
2017-09-20 10:50:04,121 [Worker-17] WARN  o.e.m.c.i.embedder.EclipseLogger - Using platform encoding (UTF-8 actually) to copy filtered resources, i.e. build is platform dependent!
2017-09-20 10:50:04,122 [Worker-17] INFO  o.e.m.c.i.embedder.EclipseLogger - skip non existing resourceDirectory /Users/hannajacobsson/git/DAT255/server/server/src/main/resources
2017-09-20 10:50:04,125 [Worker-17] WARN  o.e.m.c.i.embedder.EclipseLogger - Using platform encoding (UTF-8 actually) to copy filtered resources, i.e. build is platform dependent!
2017-09-20 10:50:04,125 [Worker-17] INFO  o.e.m.c.i.embedder.EclipseLogger - skip non existing resourceDirectory /Users/hannajacobsson/git/DAT255/server/server/src/test/resources
2017-09-20 10:50:12,139 [Worker-20] WARN  o.e.m.c.i.embedder.EclipseLogger - Using platform encoding (UTF-8 actually) to copy filtered resources, i.e. build is platform dependent!
2017-09-20 10:50:12,139 [Worker-20] INFO  o.e.m.c.i.embedder.EclipseLogger - skip non existing resourceDirectory /Users/hannajacobsson/git/DAT255/server/server/src/main/resources
2017-09-20 10:50:12,142 [Worker-20] WARN  o.e.m.c.i.embedder.EclipseLogger - Using platform encoding (UTF-8 actually) to copy filtered resources, i.e. build is platform dependent!
2017-09-20 10:50:12,144 [Worker-20] INFO  o.e.m.c.i.embedder.EclipseLogger - skip non existing resourceDirectory /Users/hannajacobsson/git/DAT255/server/server/src/test/resources
2017-09-20 10:50:17,904 [Worker-20] WARN  o.e.m.c.i.embedder.EclipseLogger - Using platform encoding (UTF-8 actually) to copy filtered resources, i.e. build is platform dependent!
2017-09-20 10:50:17,905 [Worker-20] INFO  o.e.m.c.i.embedder.EclipseLogger - skip non existing resourceDirectory /Users/hannajacobsson/git/DAT255/server/server/src/main/resources
2017-09-20 10:50:17,908 [Worker-20] WARN  o.e.m.c.i.embedder.EclipseLogger - Using platform encoding (UTF-8 actually) to copy filtered resources, i.e. build is platform dependent!
2017-09-20 10:50:17,909 [Worker-20] INFO  o.e.m.c.i.embedder.EclipseLogger - skip non existing resourceDirectory /Users/hannajacobsson/git/DAT255/server/server/src/test/resources
2017-09-20 10:50:34,149 [Worker-17] WARN  o.e.m.c.i.embedder.EclipseLogger - Using platform encoding (UTF-8 actually) to copy filtered resources, i.e. build is platform dependent!
2017-09-20 10:50:34,150 [Worker-17] INFO  o.e.m.c.i.embedder.EclipseLogger - skip non existing resourceDirectory /Users/hannajacobsson/git/DAT255/server/server/src/main/resources
2017-09-20 10:50:34,151 [Worker-17] WARN  o.e.m.c.i.embedder.EclipseLogger - Using platform encoding (UTF-8 actually) to copy filtered resources, i.e. build is platform dependent!
2017-09-20 10:50:34,152 [Worker-17] INFO  o.e.m.c.i.embedder.EclipseLogger - skip non existing resourceDirectory /Users/hannajacobsson/git/DAT255/server/server/src/test/resources
2017-09-20 10:50:41,030 [Worker-19] WARN  o.e.m.c.i.embedder.EclipseLogger - Using platform encoding (UTF-8 actually) to copy filtered resources, i.e. build is platform dependent!
2017-09-20 10:50:41,030 [Worker-19] INFO  o.e.m.c.i.embedder.EclipseLogger - skip non existing resourceDirectory /Users/hannajacobsson/git/DAT255/server/server/src/main/resources
2017-09-20 10:50:41,032 [Worker-19] WARN  o.e.m.c.i.embedder.EclipseLogger - Using platform encoding (UTF-8 actually) to copy filtered resources, i.e. build is platform dependent!
2017-09-20 10:50:41,033 [Worker-19] INFO  o.e.m.c.i.embedder.EclipseLogger - skip non existing resourceDirectory /Users/hannajacobsson/git/DAT255/server/server/src/test/resources
2017-09-20 10:53:52,033 [Worker-23] WARN  o.e.m.c.i.embedder.EclipseLogger - Using platform encoding (UTF-8 actually) to copy filtered resources, i.e. build is platform dependent!
2017-09-20 10:53:52,034 [Worker-23] INFO  o.e.m.c.i.embedder.EclipseLogger - skip non existing resourceDirectory /Users/hannajacobsson/git/DAT255/server/server/src/main/resources
2017-09-20 10:53:52,035 [Worker-23] WARN  o.e.m.c.i.embedder.EclipseLogger - Using platform encoding (UTF-8 actually) to copy filtered resources, i.e. build is platform dependent!
2017-09-20 10:53:52,036 [Worker-23] INFO  o.e.m.c.i.embedder.EclipseLogger - skip non existing resourceDirectory /Users/hannajacobsson/git/DAT255/server/server/src/test/resources
2017-09-20 10:54:59,454 [Worker-21] WARN  o.e.m.c.i.embedder.EclipseLogger - Using platform encoding (UTF-8 actually) to copy filtered resources, i.e. build is platform dependent!
2017-09-20 10:54:59,455 [Worker-21] INFO  o.e.m.c.i.embedder.EclipseLogger - skip non existing resourceDirectory /Users/hannajacobsson/git/DAT255/server/server/src/main/resources
2017-09-20 10:54:59,456 [Worker-21] WARN  o.e.m.c.i.embedder.EclipseLogger - Using platform encoding (UTF-8 actually) to copy filtered resources, i.e. build is platform dependent!
2017-09-20 10:54:59,457 [Worker-21] INFO  o.e.m.c.i.embedder.EclipseLogger - skip non existing resourceDirectory /Users/hannajacobsson/git/DAT255/server/server/src/test/resources
